MyWordsApp/app/build/intermediates/manifest_merge_blame_file/debug/manifest-merger-blame-debug-report.txt
1<?xml version="1.0" encoding="utf-8"?>
2<manifest xmlns:android="http://schemas.android.com/apk/res/android"
3    package="cn.edu.bistu.cs.se.mywordsapp"
4    android:versionCode="1"
5    android:versionName="1.0" >
6
7    <uses-sdk
8        android:minSdkVersion="23"
8-->src\main\AndroidManifest.xml
9        android:targetSdkVersion="23" />
9-->src\main\AndroidManifest.xml
10
11    <application
11-->src\main\AndroidManifest.xml:5:5-23:19
12        android:name="cn.edu.bistu.cs.se.mywordsapp.Application"
12-->src\main\AndroidManifest.xml:6:9-36
13        android:allowBackup="true"
13-->src\main\AndroidManifest.xml:7:9-35
14        android:debuggable="true"
15        android:extractNativeLibs="false"
16        android:label="@string/app_name"
16-->src\main\AndroidManifest.xml:8:9-41
17        android:supportsRtl="true"
17-->src\main\AndroidManifest.xml:9:9-35
18        android:testOnly="true"
19        android:theme="@style/AppTheme" >
19-->src\main\AndroidManifest.xml:10:9-40
20        <activity
20-->src\main\AndroidManifest.xml:11:9-20:20
21            android:name="cn.edu.bistu.cs.se.mywordsapp.MainActivity"
21-->src\main\AndroidManifest.xml:12:13-41
22            android:label="@string/app_name"
22-->src\main\AndroidManifest.xml:13:13-45
23            android:theme="@style/AppTheme.NoActionBar" >
23-->src\main\AndroidManifest.xml:14:13-56
24            <intent-filter>
24-->src\main\AndroidManifest.xml:15:13-19:29
25                <action android:name="android.intent.action.MAIN" />
25-->src\main\AndroidManifest.xml:16:17-69
25-->src\main\AndroidManifest.xml:16:25-66
26
27                <category android:name="android.intent.category.LAUNCHER" />
27-->src\main\AndroidManifest.xml:18:17-77
27-->src\main\AndroidManifest.xml:18:27-74
28            </intent-filter>
29        </activity>
30        <activity android:name="cn.edu.bistu.cs.se.mywordsapp.DetailActivity" >
30-->src\main\AndroidManifest.xml:21:9-22:20
30-->src\main\AndroidManifest.xml:21:19-49
31        </activity>
32    </application>
33
34</manifest>